# Logfile created on 2025-11-27 18:09:04 +0200 by logger.rb/v1.6.4
I, [2025-11-27T18:09:04.462368 #16332]  INFO -- : Конфігурації успішно завантажені.
E, [2025-11-27T18:09:04.462637 #16332] ERROR -- : Це тестове повідомлення про помилку.
I, [2025-11-28T10:35:48.350000 #17900]  INFO -- : Конфігурації успішно завантажені.
E, [2025-11-28T10:35:48.350470 #17900] ERROR -- : Це тестове повідомлення про помилку.
I, [2025-11-28T11:01:36.155158 #9280]  INFO -- : Конфігурації успішно завантажені.
E, [2025-11-28T11:01:36.155367 #9280] ERROR -- : Це тестове повідомлення про помилку.
I, [2025-11-28T11:05:34.980769 #436]  INFO -- : Конфігурації успішно завантажені.
E, [2025-11-28T11:05:34.980976 #436] ERROR -- : Це тестове повідомлення про помилку.
I, [2025-11-28T11:05:51.107769 #20860]  INFO -- : Конфігурації успішно завантажені.
E, [2025-11-28T11:05:51.107970 #20860] ERROR -- : Це тестове повідомлення про помилку.
I, [2025-11-28T11:07:19.080598 #17196]  INFO -- : Конфігурації успішно завантажені.
E, [2025-11-28T11:07:19.080912 #17196] ERROR -- : Це тестове повідомлення про помилку.
I, [2025-11-28T11:09:16.460620 #13624]  INFO -- : Конфігурації успішно завантажені.
E, [2025-11-28T11:09:16.461061 #13624] ERROR -- : Це тестове повідомлення про помилку.
I, [2025-11-28T11:27:03.955166 #15424]  INFO -- : Конфігурації успішно завантажені.
E, [2025-11-28T11:27:03.955374 #15424] ERROR -- : Це тестове повідомлення про помилку.
I, [2025-11-28T11:27:48.907633 #1600]  INFO -- : Конфігурації успішно завантажені.
E, [2025-11-28T11:27:48.907924 #1600] ERROR -- : Це тестове повідомлення про помилку.
I, [2025-11-28T11:28:27.529788 #17000]  INFO -- : Конфігурації успішно завантажені.
E, [2025-11-28T11:28:27.530083 #17000] ERROR -- : Це тестове повідомлення про помилку.
I, [2025-11-28T11:30:54.762727 #19924]  INFO -- : Конфігурації успішно завантажені.
E, [2025-11-28T11:30:54.763022 #19924] ERROR -- : Це тестове повідомлення про помилку.
I, [2025-11-28T11:32:14.276457 #11428]  INFO -- : Конфігурації успішно завантажені.
E, [2025-11-28T11:32:14.276848 #11428] ERROR -- : Це тестове повідомлення про помилку.
I, [2025-11-28T11:33:01.399179 #3444]  INFO -- : Конфігурації успішно завантажені.
E, [2025-11-28T11:33:01.399471 #3444] ERROR -- : Це тестове повідомлення про помилку.
I, [2025-11-28T11:37:40.198091 #13008]  INFO -- : Конфігурації успішно завантажені.
E, [2025-11-28T11:37:40.198388 #13008] ERROR -- : Це тестове повідомлення про помилку.
I, [2025-11-28T11:38:49.457698 #1796]  INFO -- : Конфігурації успішно завантажені.
E, [2025-11-28T11:38:49.457970 #1796] ERROR -- : Це тестове повідомлення про помилку.
I, [2025-11-28T11:38:49.458141 #1796]  INFO -- : Створено Item: Молоко
I, [2025-11-28T11:38:49.458342 #1796]  INFO -- : Item оновлено: Молоко
I, [2025-11-28T11:38:50.580084 #1796]  INFO -- : Створено Item: Heavy Duty Aluminum Wallet
I, [2025-11-28T11:38:50.580287 #1796]  INFO -- : Згенеровано фейковий Item: Heavy Duty Aluminum Wallet
I, [2025-11-28T11:38:50.580487 #1796]  INFO -- : Створено Item: Невідомий товар
I, [2025-11-28T11:51:59.307776 #8988]  INFO -- : Конфігурації успішно завантажені.
E, [2025-11-28T11:51:59.308067 #8988] ERROR -- : Це тестове повідомлення про помилку.
I, [2025-11-28T11:51:59.308210 #8988]  INFO -- : Створено порожню колекцію ItemCollection
I, [2025-11-28T11:52:00.482294 #8988]  INFO -- : Створено Item: Rustic Plastic Coat
I, [2025-11-28T11:52:00.482596 #8988]  INFO -- : Згенеровано фейковий Item: Rustic Plastic Coat
I, [2025-11-28T11:52:00.482753 #8988]  INFO -- : Додано товар: Rustic Plastic Coat
I, [2025-11-28T11:52:00.483597 #8988]  INFO -- : Створено Item: Incredible Steel Lamp
I, [2025-11-28T11:52:00.483790 #8988]  INFO -- : Згенеровано фейковий Item: Incredible Steel Lamp
I, [2025-11-28T11:52:00.483856 #8988]  INFO -- : Додано товар: Incredible Steel Lamp
I, [2025-11-28T11:52:00.484546 #8988]  INFO -- : Створено Item: Mediocre Cotton Wallet
I, [2025-11-28T11:52:00.484710 #8988]  INFO -- : Згенеровано фейковий Item: Mediocre Cotton Wallet
I, [2025-11-28T11:52:00.484838 #8988]  INFO -- : Додано товар: Mediocre Cotton Wallet
I, [2025-11-28T11:52:00.486025 #8988]  INFO -- : Збережено у JSON файл: output/items.json
I, [2025-11-28T11:52:00.487145 #8988]  INFO -- : Збережено у CSV файл: output/items.csv
I, [2025-11-28T11:52:00.488275 #8988]  INFO -- : Збережено у текстовий файл: output/items.txt
I, [2025-11-28T11:52:00.494068 #8988]  INFO -- : Збережено YAML-файли у папку output/yml_items
I, [2025-11-28T12:11:57.129903 #10828]  INFO -- : Конфігурації успішно завантажені.
E, [2025-11-28T12:11:57.130147 #10828] ERROR -- : Це тестове повідомлення про помилку.
I, [2025-11-28T12:13:30.544486 #21580]  INFO -- : Конфігурації успішно завантажені.
E, [2025-11-28T12:13:30.544744 #21580] ERROR -- : Це тестове повідомлення про помилку.
I, [2025-11-28T12:13:30.544906 #21580]  INFO -- : Створено порожню колекцію ItemCollection
I, [2025-11-28T12:13:30.545006 #21580]  INFO -- : Колекцію очищено
I, [2025-11-28T12:16:52.373391 #18324]  INFO -- : Конфігурації успішно завантажені.
E, [2025-11-28T12:16:52.373610 #18324] ERROR -- : Це тестове повідомлення про помилку.
I, [2025-11-28T12:16:52.373753 #18324]  INFO -- : Створено порожню колекцію ItemCollection
I, [2025-11-28T12:16:53.707058 #18324]  INFO -- : Створено Item: Awesome Granite Table
I, [2025-11-28T12:16:53.707209 #18324]  INFO -- : Згенеровано фейковий Item: Awesome Granite Table
I, [2025-11-28T12:16:53.707314 #18324]  INFO -- : Додано товар: Awesome Granite Table
I, [2025-11-28T12:16:53.707835 #18324]  INFO -- : Створено Item: Incredible Plastic Plate
I, [2025-11-28T12:16:53.707958 #18324]  INFO -- : Згенеровано фейковий Item: Incredible Plastic Plate
I, [2025-11-28T12:16:53.708035 #18324]  INFO -- : Додано товар: Incredible Plastic Plate
I, [2025-11-28T12:16:53.709215 #18324]  INFO -- : Створено Item: Heavy Duty Wooden Bottle
I, [2025-11-28T12:16:53.709336 #18324]  INFO -- : Згенеровано фейковий Item: Heavy Duty Wooden Bottle
I, [2025-11-28T12:16:53.709411 #18324]  INFO -- : Додано товар: Heavy Duty Wooden Bottle
I, [2025-11-28T12:16:53.710213 #18324]  INFO -- : Збережено у JSON файл: output/items.json
I, [2025-11-28T12:16:53.710889 #18324]  INFO -- : Збережено у CSV файл: output/items.csv
I, [2025-11-28T12:16:53.711513 #18324]  INFO -- : Збережено у текстовий файл: output/items.txt
I, [2025-11-28T12:16:53.716583 #18324]  INFO -- : Збережено YAML-файли у папку output/yml_items
I, [2025-11-28T12:16:53.717308 #18324]  INFO -- : Видалено товар: Awesome Granite Table
I, [2025-11-28T12:16:53.718953 #18324]  INFO -- : Колекцію очищено
I, [2025-11-28T12:18:53.531318 #11208]  INFO -- : Конфігурації успішно завантажені.
E, [2025-11-28T12:18:53.531566 #11208] ERROR -- : Це тестове повідомлення про помилку.
I, [2025-11-28T12:18:53.531704 #11208]  INFO -- : Створено порожню колекцію ItemCollection
I, [2025-11-28T12:18:54.944408 #11208]  INFO -- : Створено Item: Ergonomic Copper Computer
I, [2025-11-28T12:18:54.944556 #11208]  INFO -- : Згенеровано фейковий Item: Ergonomic Copper Computer
I, [2025-11-28T12:18:54.944723 #11208]  INFO -- : Додано товар: Ergonomic Copper Computer
I, [2025-11-28T12:18:54.946058 #11208]  INFO -- : Створено Item: Sleek Steel Gloves
I, [2025-11-28T12:18:54.946237 #11208]  INFO -- : Згенеровано фейковий Item: Sleek Steel Gloves
I, [2025-11-28T12:18:54.946424 #11208]  INFO -- : Додано товар: Sleek Steel Gloves
I, [2025-11-28T12:18:54.947790 #11208]  INFO -- : Створено Item: Lightweight Bronze Car
I, [2025-11-28T12:18:54.947964 #11208]  INFO -- : Згенеровано фейковий Item: Lightweight Bronze Car
I, [2025-11-28T12:18:54.948062 #11208]  INFO -- : Додано товар: Lightweight Bronze Car
I, [2025-11-28T12:18:54.949069 #11208]  INFO -- : Збережено у JSON файл: output/items.json
I, [2025-11-28T12:18:54.950144 #11208]  INFO -- : Збережено у CSV файл: output/items.csv
I, [2025-11-28T12:18:54.951225 #11208]  INFO -- : Збережено у текстовий файл: output/items.txt
I, [2025-11-28T12:18:54.957307 #11208]  INFO -- : Збережено YAML-файли у папку output/yml_items
